<?xml version="1.0" encoding="UTF-8"?>
<testsuite xmlns:xsi="http://www.w3.org/2001/XMLSchema-instance" xsi:noNamespaceSchemaLocation="https://maven.apache.org/surefire/maven-surefire-plugin/xsd/surefire-test-report-3.0.xsd" version="3.0" name="TestSuite" time="16.551" tests="9" errors="0" skipped="0" failures="0">
  <properties>
    <property name="gopherProxySet" value="false"/>
    <property name="awt.toolkit" value="sun.lwawt.macosx.LWCToolkit"/>
    <property name="java.specification.version" value="10"/>
    <property name="file.encoding.pkg" value="sun.io"/>
    <property name="sun.cpu.isalist" value=""/>
    <property name="sun.jnu.encoding" value="UTF-8"/>
    <property name="java.class.path" value="/Users/sds-sarath.kj/Documents/eclipse-workspace/QubeCodingChallengeSJ/target/test-classes:/Users/sds-sarath.kj/Documents/eclipse-workspace/QubeCodingChallengeSJ/target/classes:/Users/sds-sarath.kj/.m2/repository/org/seleniumhq/selenium/selenium-java/3.8.0/selenium-java-3.8.0.jar:/Users/sds-sarath.kj/.m2/repository/org/seleniumhq/selenium/selenium-api/3.8.0/selenium-api-3.8.0.jar:/Users/sds-sarath.kj/.m2/repository/org/seleniumhq/selenium/selenium-chrome-driver/3.8.0/selenium-chrome-driver-3.8.0.jar:/Users/sds-sarath.kj/.m2/repository/org/seleniumhq/selenium/selenium-edge-driver/3.8.0/selenium-edge-driver-3.8.0.jar:/Users/sds-sarath.kj/.m2/repository/org/seleniumhq/selenium/selenium-firefox-driver/3.8.0/selenium-firefox-driver-3.8.0.jar:/Users/sds-sarath.kj/.m2/repository/org/seleniumhq/selenium/selenium-ie-driver/3.8.0/selenium-ie-driver-3.8.0.jar:/Users/sds-sarath.kj/.m2/repository/org/seleniumhq/selenium/selenium-opera-driver/3.8.0/selenium-opera-driver-3.8.0.jar:/Users/sds-sarath.kj/.m2/repository/org/seleniumhq/selenium/selenium-remote-driver/3.8.0/selenium-remote-driver-3.8.0.jar:/Users/sds-sarath.kj/.m2/repository/org/seleniumhq/selenium/selenium-safari-driver/3.8.0/selenium-safari-driver-3.8.0.jar:/Users/sds-sarath.kj/.m2/repository/org/seleniumhq/selenium/selenium-support/3.8.0/selenium-support-3.8.0.jar:/Users/sds-sarath.kj/.m2/repository/net/bytebuddy/byte-buddy/1.7.5/byte-buddy-1.7.5.jar:/Users/sds-sarath.kj/.m2/repository/org/apache/commons/commons-exec/1.3/commons-exec-1.3.jar:/Users/sds-sarath.kj/.m2/repository/commons-codec/commons-codec/1.10/commons-codec-1.10.jar:/Users/sds-sarath.kj/.m2/repository/commons-logging/commons-logging/1.2/commons-logging-1.2.jar:/Users/sds-sarath.kj/.m2/repository/com/google/code/gson/gson/2.8.2/gson-2.8.2.jar:/Users/sds-sarath.kj/.m2/repository/com/google/guava/guava/23.0/guava-23.0.jar:/Users/sds-sarath.kj/.m2/repository/com/google/code/findbugs/jsr305/1.3.9/jsr305-1.3.9.jar:/Users/sds-sarath.kj/.m2/repository/com/google/errorprone/error_prone_annotations/2.0.18/error_prone_annotations-2.0.18.jar:/Users/sds-sarath.kj/.m2/repository/com/google/j2objc/j2objc-annotations/1.1/j2objc-annotations-1.1.jar:/Users/sds-sarath.kj/.m2/repository/org/codehaus/mojo/animal-sniffer-annotations/1.14/animal-sniffer-annotations-1.14.jar:/Users/sds-sarath.kj/.m2/repository/org/apache/httpcomponents/httpclient/4.5.3/httpclient-4.5.3.jar:/Users/sds-sarath.kj/.m2/repository/org/apache/httpcomponents/httpcore/4.4.6/httpcore-4.4.6.jar:/Users/sds-sarath.kj/.m2/repository/org/testng/testng/6.10/testng-6.10.jar:/Users/sds-sarath.kj/.m2/repository/com/beust/jcommander/1.48/jcommander-1.48.jar:/Users/sds-sarath.kj/.m2/repository/org/apache/poi/poi/3.9/poi-3.9.jar:/Users/sds-sarath.kj/.m2/repository/org/apache/poi/poi-ooxml/3.9/poi-ooxml-3.9.jar:/Users/sds-sarath.kj/.m2/repository/dom4j/dom4j/1.6.1/dom4j-1.6.1.jar:/Users/sds-sarath.kj/.m2/repository/xml-apis/xml-apis/1.0.b2/xml-apis-1.0.b2.jar:/Users/sds-sarath.kj/.m2/repository/org/apache/poi/poi-ooxml-schemas/3.9/poi-ooxml-schemas-3.9.jar:/Users/sds-sarath.kj/.m2/repository/org/apache/xmlbeans/xmlbeans/2.3.0/xmlbeans-2.3.0.jar:/Users/sds-sarath.kj/.m2/repository/stax/stax-api/1.0.1/stax-api-1.0.1.jar:/Users/sds-sarath.kj/.m2/repository/org/apache/poi/poi-scratchpad/3.9/poi-scratchpad-3.9.jar:/Users/sds-sarath.kj/.m2/repository/org/apache/poi/ooxml-schemas/1.1/ooxml-schemas-1.1.jar:/Users/sds-sarath.kj/.m2/repository/org/apache/poi/openxml4j/1.0-beta/openxml4j-1.0-beta.jar:/Users/sds-sarath.kj/.m2/repository/commons-io/commons-io/2.6/commons-io-2.6.jar:/Users/sds-sarath.kj/.m2/repository/log4j/log4j/1.2.17/log4j-1.2.17.jar:/Users/sds-sarath.kj/.m2/repository/io/rest-assured/rest-assured/4.1.2/rest-assured-4.1.2.jar:/Users/sds-sarath.kj/.m2/repository/org/codehaus/groovy/groovy/2.5.8/groovy-2.5.8.jar:/Users/sds-sarath.kj/.m2/repository/org/codehaus/groovy/groovy-xml/2.5.8/groovy-xml-2.5.8.jar:/Users/sds-sarath.kj/.m2/repository/org/apache/httpcomponents/httpmime/4.5.3/httpmime-4.5.3.jar:/Users/sds-sarath.kj/.m2/repository/org/hamcrest/hamcrest/2.1/hamcrest-2.1.jar:/Users/sds-sarath.kj/.m2/repository/org/ccil/cowan/tagsoup/tagsoup/1.2.1/tagsoup-1.2.1.jar:/Users/sds-sarath.kj/.m2/repository/io/rest-assured/json-path/4.1.2/json-path-4.1.2.jar:/Users/sds-sarath.kj/.m2/repository/org/codehaus/groovy/groovy-json/2.5.8/groovy-json-2.5.8.jar:/Users/sds-sarath.kj/.m2/repository/io/rest-assured/rest-assured-common/4.1.2/rest-assured-common-4.1.2.jar:/Users/sds-sarath.kj/.m2/repository/io/rest-assured/xml-path/4.1.2/xml-path-4.1.2.jar:/Users/sds-sarath.kj/.m2/repository/org/apache/commons/commons-lang3/3.4/commons-lang3-3.4.jar:/Users/sds-sarath.kj/.m2/repository/javax/xml/bind/jaxb-api/2.3.1/jaxb-api-2.3.1.jar:/Users/sds-sarath.kj/.m2/repository/javax/activation/javax.activation-api/1.2.0/javax.activation-api-1.2.0.jar:/Users/sds-sarath.kj/.m2/repository/com/sun/xml/bind/jaxb-osgi/2.3.0.1/jaxb-osgi-2.3.0.1.jar:/Users/sds-sarath.kj/.m2/repository/org/apache/sling/org.apache.sling.javax.activation/0.1.0/org.apache.sling.javax.activation-0.1.0.jar:/Users/sds-sarath.kj/.m2/repository/javax/activation/activation/1.1.1/activation-1.1.1.jar:/Users/sds-sarath.kj/.m2/repository/io/rest-assured/json-schema-validator/4.1.2/json-schema-validator-4.1.2.jar:/Users/sds-sarath.kj/.m2/repository/com/github/java-json-tools/json-schema-validator/2.2.10/json-schema-validator-2.2.10.jar:/Users/sds-sarath.kj/.m2/repository/com/github/java-json-tools/json-schema-core/1.2.10/json-schema-core-1.2.10.jar:/Users/sds-sarath.kj/.m2/repository/com/github/java-json-tools/jackson-coreutils/1.9/jackson-coreutils-1.9.jar:/Users/sds-sarath.kj/.m2/repository/com/fasterxml/jackson/core/jackson-databind/2.2.3/jackson-databind-2.2.3.jar:/Users/sds-sarath.kj/.m2/repository/com/fasterxml/jackson/core/jackson-annotations/2.2.3/jackson-annotations-2.2.3.jar:/Users/sds-sarath.kj/.m2/repository/com/fasterxml/jackson/core/jackson-core/2.2.3/jackson-core-2.2.3.jar:/Users/sds-sarath.kj/.m2/repository/com/github/fge/msg-simple/1.1/msg-simple-1.1.jar:/Users/sds-sarath.kj/.m2/repository/com/github/fge/btf/1.2/btf-1.2.jar:/Users/sds-sarath.kj/.m2/repository/com/github/fge/uri-template/0.9/uri-template-0.9.jar:/Users/sds-sarath.kj/.m2/repository/org/mozilla/rhino/1.7.7.1/rhino-1.7.7.1.jar:/Users/sds-sarath.kj/.m2/repository/javax/mail/mailapi/1.4.3/mailapi-1.4.3.jar:/Users/sds-sarath.kj/.m2/repository/joda-time/joda-time/2.9.7/joda-time-2.9.7.jar:/Users/sds-sarath.kj/.m2/repository/com/googlecode/libphonenumber/libphonenumber/8.0.0/libphonenumber-8.0.0.jar:/Users/sds-sarath.kj/.m2/repository/net/sf/jopt-simple/jopt-simple/5.0.3/jopt-simple-5.0.3.jar:"/>
    <property name="java.vm.vendor" value="&quot;Oracle Corporation&quot;"/>
    <property name="sun.arch.data.model" value="64"/>
    <property name="java.vendor.url" value="http://java.oracle.com/"/>
    <property name="user.timezone" value="Asia/Kolkata"/>
    <property name="java.vm.specification.version" value="10"/>
    <property name="os.name" value="Mac OS X"/>
    <property name="sun.java.launcher" value="SUN_STANDARD"/>
    <property name="user.country" value="IN"/>
    <property name="sun.boot.library.path" value="/Library/Java/JavaVirtualMachines/jdk-10.0.2.jdk/Contents/Home/lib"/>
    <property name="sun.java.command" value="/Users/sds-sarath.kj/Documents/eclipse-workspace/QubeCodingChallengeSJ/target/surefire/surefirebooter17001919775411345037.jar /Users/sds-sarath.kj/Documents/eclipse-workspace/QubeCodingChallengeSJ/target/surefire 2019-12-30T16-25-53_921-jvmRun1 surefire2238390413401076913tmp surefire_017981445971722383875tmp"/>
    <property name="http.nonProxyHosts" value="local|*.local|169.254/16|*.169.254/16"/>
    <property name="jdk.debug" value="release"/>
    <property name="surefire.test.class.path" value="/Users/sds-sarath.kj/Documents/eclipse-workspace/QubeCodingChallengeSJ/target/test-classes:/Users/sds-sarath.kj/Documents/eclipse-workspace/QubeCodingChallengeSJ/target/classes:/Users/sds-sarath.kj/.m2/repository/org/seleniumhq/selenium/selenium-java/3.8.0/selenium-java-3.8.0.jar:/Users/sds-sarath.kj/.m2/repository/org/seleniumhq/selenium/selenium-api/3.8.0/selenium-api-3.8.0.jar:/Users/sds-sarath.kj/.m2/repository/org/seleniumhq/selenium/selenium-chrome-driver/3.8.0/selenium-chrome-driver-3.8.0.jar:/Users/sds-sarath.kj/.m2/repository/org/seleniumhq/selenium/selenium-edge-driver/3.8.0/selenium-edge-driver-3.8.0.jar:/Users/sds-sarath.kj/.m2/repository/org/seleniumhq/selenium/selenium-firefox-driver/3.8.0/selenium-firefox-driver-3.8.0.jar:/Users/sds-sarath.kj/.m2/repository/org/seleniumhq/selenium/selenium-ie-driver/3.8.0/selenium-ie-driver-3.8.0.jar:/Users/sds-sarath.kj/.m2/repository/org/seleniumhq/selenium/selenium-opera-driver/3.8.0/selenium-opera-driver-3.8.0.jar:/Users/sds-sarath.kj/.m2/repository/org/seleniumhq/selenium/selenium-remote-driver/3.8.0/selenium-remote-driver-3.8.0.jar:/Users/sds-sarath.kj/.m2/repository/org/seleniumhq/selenium/selenium-safari-driver/3.8.0/selenium-safari-driver-3.8.0.jar:/Users/sds-sarath.kj/.m2/repository/org/seleniumhq/selenium/selenium-support/3.8.0/selenium-support-3.8.0.jar:/Users/sds-sarath.kj/.m2/repository/net/bytebuddy/byte-buddy/1.7.5/byte-buddy-1.7.5.jar:/Users/sds-sarath.kj/.m2/repository/org/apache/commons/commons-exec/1.3/commons-exec-1.3.jar:/Users/sds-sarath.kj/.m2/repository/commons-codec/commons-codec/1.10/commons-codec-1.10.jar:/Users/sds-sarath.kj/.m2/repository/commons-logging/commons-logging/1.2/commons-logging-1.2.jar:/Users/sds-sarath.kj/.m2/repository/com/google/code/gson/gson/2.8.2/gson-2.8.2.jar:/Users/sds-sarath.kj/.m2/repository/com/google/guava/guava/23.0/guava-23.0.jar:/Users/sds-sarath.kj/.m2/repository/com/google/code/findbugs/jsr305/1.3.9/jsr305-1.3.9.jar:/Users/sds-sarath.kj/.m2/repository/com/google/errorprone/error_prone_annotations/2.0.18/error_prone_annotations-2.0.18.jar:/Users/sds-sarath.kj/.m2/repository/com/google/j2objc/j2objc-annotations/1.1/j2objc-annotations-1.1.jar:/Users/sds-sarath.kj/.m2/repository/org/codehaus/mojo/animal-sniffer-annotations/1.14/animal-sniffer-annotations-1.14.jar:/Users/sds-sarath.kj/.m2/repository/org/apache/httpcomponents/httpclient/4.5.3/httpclient-4.5.3.jar:/Users/sds-sarath.kj/.m2/repository/org/apache/httpcomponents/httpcore/4.4.6/httpcore-4.4.6.jar:/Users/sds-sarath.kj/.m2/repository/org/testng/testng/6.10/testng-6.10.jar:/Users/sds-sarath.kj/.m2/repository/com/beust/jcommander/1.48/jcommander-1.48.jar:/Users/sds-sarath.kj/.m2/repository/org/apache/poi/poi/3.9/poi-3.9.jar:/Users/sds-sarath.kj/.m2/repository/org/apache/poi/poi-ooxml/3.9/poi-ooxml-3.9.jar:/Users/sds-sarath.kj/.m2/repository/dom4j/dom4j/1.6.1/dom4j-1.6.1.jar:/Users/sds-sarath.kj/.m2/repository/xml-apis/xml-apis/1.0.b2/xml-apis-1.0.b2.jar:/Users/sds-sarath.kj/.m2/repository/org/apache/poi/poi-ooxml-schemas/3.9/poi-ooxml-schemas-3.9.jar:/Users/sds-sarath.kj/.m2/repository/org/apache/xmlbeans/xmlbeans/2.3.0/xmlbeans-2.3.0.jar:/Users/sds-sarath.kj/.m2/repository/stax/stax-api/1.0.1/stax-api-1.0.1.jar:/Users/sds-sarath.kj/.m2/repository/org/apache/poi/poi-scratchpad/3.9/poi-scratchpad-3.9.jar:/Users/sds-sarath.kj/.m2/repository/org/apache/poi/ooxml-schemas/1.1/ooxml-schemas-1.1.jar:/Users/sds-sarath.kj/.m2/repository/org/apache/poi/openxml4j/1.0-beta/openxml4j-1.0-beta.jar:/Users/sds-sarath.kj/.m2/repository/commons-io/commons-io/2.6/commons-io-2.6.jar:/Users/sds-sarath.kj/.m2/repository/log4j/log4j/1.2.17/log4j-1.2.17.jar:/Users/sds-sarath.kj/.m2/repository/io/rest-assured/rest-assured/4.1.2/rest-assured-4.1.2.jar:/Users/sds-sarath.kj/.m2/repository/org/codehaus/groovy/groovy/2.5.8/groovy-2.5.8.jar:/Users/sds-sarath.kj/.m2/repository/org/codehaus/groovy/groovy-xml/2.5.8/groovy-xml-2.5.8.jar:/Users/sds-sarath.kj/.m2/repository/org/apache/httpcomponents/httpmime/4.5.3/httpmime-4.5.3.jar:/Users/sds-sarath.kj/.m2/repository/org/hamcrest/hamcrest/2.1/hamcrest-2.1.jar:/Users/sds-sarath.kj/.m2/repository/org/ccil/cowan/tagsoup/tagsoup/1.2.1/tagsoup-1.2.1.jar:/Users/sds-sarath.kj/.m2/repository/io/rest-assured/json-path/4.1.2/json-path-4.1.2.jar:/Users/sds-sarath.kj/.m2/repository/org/codehaus/groovy/groovy-json/2.5.8/groovy-json-2.5.8.jar:/Users/sds-sarath.kj/.m2/repository/io/rest-assured/rest-assured-common/4.1.2/rest-assured-common-4.1.2.jar:/Users/sds-sarath.kj/.m2/repository/io/rest-assured/xml-path/4.1.2/xml-path-4.1.2.jar:/Users/sds-sarath.kj/.m2/repository/org/apache/commons/commons-lang3/3.4/commons-lang3-3.4.jar:/Users/sds-sarath.kj/.m2/repository/javax/xml/bind/jaxb-api/2.3.1/jaxb-api-2.3.1.jar:/Users/sds-sarath.kj/.m2/repository/javax/activation/javax.activation-api/1.2.0/javax.activation-api-1.2.0.jar:/Users/sds-sarath.kj/.m2/repository/com/sun/xml/bind/jaxb-osgi/2.3.0.1/jaxb-osgi-2.3.0.1.jar:/Users/sds-sarath.kj/.m2/repository/org/apache/sling/org.apache.sling.javax.activation/0.1.0/org.apache.sling.javax.activation-0.1.0.jar:/Users/sds-sarath.kj/.m2/repository/javax/activation/activation/1.1.1/activation-1.1.1.jar:/Users/sds-sarath.kj/.m2/repository/io/rest-assured/json-schema-validator/4.1.2/json-schema-validator-4.1.2.jar:/Users/sds-sarath.kj/.m2/repository/com/github/java-json-tools/json-schema-validator/2.2.10/json-schema-validator-2.2.10.jar:/Users/sds-sarath.kj/.m2/repository/com/github/java-json-tools/json-schema-core/1.2.10/json-schema-core-1.2.10.jar:/Users/sds-sarath.kj/.m2/repository/com/github/java-json-tools/jackson-coreutils/1.9/jackson-coreutils-1.9.jar:/Users/sds-sarath.kj/.m2/repository/com/fasterxml/jackson/core/jackson-databind/2.2.3/jackson-databind-2.2.3.jar:/Users/sds-sarath.kj/.m2/repository/com/fasterxml/jackson/core/jackson-annotations/2.2.3/jackson-annotations-2.2.3.jar:/Users/sds-sarath.kj/.m2/repository/com/fasterxml/jackson/core/jackson-core/2.2.3/jackson-core-2.2.3.jar:/Users/sds-sarath.kj/.m2/repository/com/github/fge/msg-simple/1.1/msg-simple-1.1.jar:/Users/sds-sarath.kj/.m2/repository/com/github/fge/btf/1.2/btf-1.2.jar:/Users/sds-sarath.kj/.m2/repository/com/github/fge/uri-template/0.9/uri-template-0.9.jar:/Users/sds-sarath.kj/.m2/repository/org/mozilla/rhino/1.7.7.1/rhino-1.7.7.1.jar:/Users/sds-sarath.kj/.m2/repository/javax/mail/mailapi/1.4.3/mailapi-1.4.3.jar:/Users/sds-sarath.kj/.m2/repository/joda-time/joda-time/2.9.7/joda-time-2.9.7.jar:/Users/sds-sarath.kj/.m2/repository/com/googlecode/libphonenumber/libphonenumber/8.0.0/libphonenumber-8.0.0.jar:/Users/sds-sarath.kj/.m2/repository/net/sf/jopt-simple/jopt-simple/5.0.3/jopt-simple-5.0.3.jar:"/>
    <property name="sun.cpu.endian" value="little"/>
    <property name="user.home" value="/Users/sds-sarath.kj"/>
    <property name="user.language" value="en"/>
    <property name="java.specification.vendor" value="Oracle Corporation"/>
    <property name="java.version.date" value="2018-07-17"/>
    <property name="java.home" value="/Library/Java/JavaVirtualMachines/jdk-10.0.2.jdk/Contents/Home"/>
    <property name="file.separator" value="/"/>
    <property name="basedir" value="/Users/sds-sarath.kj/Documents/eclipse-workspace/QubeCodingChallengeSJ"/>
    <property name="java.vm.compressedOopsMode" value="Zero based"/>
    <property name="line.separator" value="&#10;"/>
    <property name="java.specification.name" value="Java Platform API Specification"/>
    <property name="java.vm.specification.vendor" value="Oracle Corporation"/>
    <property name="java.awt.graphicsenv" value="sun.awt.CGraphicsEnvironment"/>
    <property name="surefire.real.class.path" value="/Users/sds-sarath.kj/Documents/eclipse-workspace/QubeCodingChallengeSJ/target/surefire/surefirebooter17001919775411345037.jar"/>
    <property name="sun.management.compiler" value="HotSpot 64-Bit Tiered Compilers"/>
    <property name="ftp.nonProxyHosts" value="local|*.local|169.254/16|*.169.254/16"/>
    <property name="java.runtime.version" value="10.0.2+13"/>
    <property name="user.name" value="sds-sarath.kj"/>
    <property name="path.separator" value=":"/>
    <property name="os.version" value="10.13.6"/>
    <property name="java.runtime.name" value="Java(TM) SE Runtime Environment"/>
    <property name="file.encoding" value="UTF-8"/>
    <property name="java.vm.name" value="Java HotSpot(TM) 64-Bit Server VM"/>
    <property name="java.vendor.version" value="18.3"/>
    <property name="localRepository" value="/Users/sds-sarath.kj/.m2/repository"/>
    <property name="java.vendor.url.bug" value="http://bugreport.java.com/bugreport/"/>
    <property name="java.io.tmpdir" value="/var/folders/lg/yztw58bx17z_66mb1qnmq9d40000gp/T/"/>
    <property name="java.version" value="10.0.2"/>
    <property name="user.dir" value="/Users/sds-sarath.kj/Documents/eclipse-workspace/QubeCodingChallengeSJ"/>
    <property name="os.arch" value="x86_64"/>
    <property name="java.vm.specification.name" value="Java Virtual Machine Specification"/>
    <property name="java.awt.printerjob" value="sun.lwawt.macosx.CPrinterJob"/>
    <property name="sun.os.patch.level" value="unknown"/>
    <property name="java.library.path" value="/Users/sds-sarath.kj/Library/Java/Extensions:/Library/Java/Extensions:/Network/Library/Java/Extensions:/System/Library/Java/Extensions:/usr/lib/java:."/>
    <property name="java.vendor" value="Oracle Corporation"/>
    <property name="java.vm.info" value="mixed mode"/>
    <property name="java.vm.version" value="10.0.2+13"/>
    <property name="sun.io.unicode.encoding" value="UnicodeBig"/>
    <property name="java.class.version" value="54.0"/>
    <property name="socksNonProxyHosts" value="local|*.local|169.254/16|*.169.254/16"/>
  </properties>
  <testcase name="searchWithValidPINCodeTest" classname="com.qube.postoffice.api.testcases.SearchByValidPINCode" time="3.589"/>
  <testcase name="searchWithValidPINCodeTest" classname="com.qube.postoffice.api.testcases.SearchByValidPINCode" time="1.541"/>
  <testcase name="searchWithInValidPINCodeTest" classname="com.qube.postoffice.api.testcases.SearchByInValidPINCode" time="1.605"/>
  <testcase name="searchWithInValidPINCodeTest" classname="com.qube.postoffice.api.testcases.SearchByInValidPINCode" time="1.537"/>
  <testcase name="searchWithInValidPINCodeTest" classname="com.qube.postoffice.api.testcases.SearchByInValidPINCode" time="1.504"/>
  <testcase name="searchWithValidBranchTest" classname="com.qube.postoffice.api.testcases.SearchByValidBranchName" time="1.541"/>
  <testcase name="searchWithValidBranchTest" classname="com.qube.postoffice.api.testcases.SearchByValidBranchName" time="1.406"/>
  <testcase name="searchWithInValidPINCodeTest" classname="com.qube.postoffice.api.testcases.SearchByInValidBranchName" time="1.342"/>
  <testcase name="searchWithInValidPINCodeTest" classname="com.qube.postoffice.api.testcases.SearchByInValidBranchName" time="1.332"/>
</testsuite>