<?xml version="1.0" encoding="UTF-8"?>
<!-- Generated by org.testng.reporters.JUnitReportReporter -->
<testsuite ignored="0" hostname="SDS-SARATH-KJ-MAC.Dlink" failures="0" tests="1" name="QubeCodingChallengeSJ.QubeCodingChallengeSJ.SJ" time="2.852" errors="0" timestamp="30 Dec 2019 08:13:30 GMT" skipped="0">
  <testcase classname="QubeCodingChallengeSJ.QubeCodingChallengeSJ.SJ" name="searchUsingValidPIN" time="2.852"/>
</testsuite> <!-- QubeCodingChallengeSJ.QubeCodingChallengeSJ.SJ -->
