<?xml version="1.0" encoding="UTF-8"?>
<!-- Generated by org.testng.reporters.JUnitReportReporter -->
<testsuite ignored="0" hostname="SDS-SARATH-KJ-MAC.Dlink" failures="0" tests="2" name="com.qube.postoffice.api.testcases.SearchByInValidBranchName" time="3.124" errors="0" timestamp="30 Dec 2019 10:52:25 GMT" skipped="0">
  <testcase classname="com.qube.postoffice.api.testcases.SearchByInValidBranchName" name="searchWithInValidPINCodeTest" time="1.584"/>
  <testcase classname="com.qube.postoffice.api.testcases.SearchByInValidBranchName" name="searchWithInValidPINCodeTest" time="1.540"/>
</testsuite> <!-- com.qube.postoffice.api.testcases.SearchByInValidBranchName -->
