<?xml version="1.0" encoding="UTF-8"?>
<!-- Generated by org.testng.reporters.JUnitReportReporter -->
<testsuite ignored="0" hostname="SDS-SARATH-KJ-MAC.Dlink" failures="0" tests="2" name="com.qube.postoffice.api.testcases.SearchByValidBranchName" time="3.263" errors="0" timestamp="30 Dec 2019 10:52:25 GMT" skipped="0">
  <testcase classname="com.qube.postoffice.api.testcases.SearchByValidBranchName" name="searchWithValidBranchTest" time="1.575"/>
  <testcase classname="com.qube.postoffice.api.testcases.SearchByValidBranchName" name="searchWithValidBranchTest" time="1.688"/>
</testsuite> <!-- com.qube.postoffice.api.testcases.SearchByValidBranchName -->
