<?xml version="1.0" encoding="UTF-8"?>
<!-- Generated by org.testng.reporters.JUnitReportReporter -->
<testsuite ignored="0" hostname="SDS-SARATH-KJ-MAC.Dlink" failures="0" tests="2" name="com.qube.postoffice.api.testcases.SearchByInValidBranchName" time="2.674" errors="0" timestamp="30 Dec 2019 10:56:11 GMT" skipped="0">
  <testcase classname="com.qube.postoffice.api.testcases.SearchByInValidBranchName" name="searchWithInValidPINCodeTest" time="1.343"/>
  <testcase classname="com.qube.postoffice.api.testcases.SearchByInValidBranchName" name="searchWithInValidPINCodeTest" time="1.331"/>
</testsuite> <!-- com.qube.postoffice.api.testcases.SearchByInValidBranchName -->
