<?xml version="1.0" encoding="UTF-8"?>
<!-- Generated by org.testng.reporters.JUnitReportReporter -->
<testsuite ignored="0" hostname="SDS-SARATH-KJ-MAC.Dlink" failures="0" tests="2" name="com.qube.postoffice.api.testcases.SearchByValidPINCode" time="5.130" errors="0" timestamp="30 Dec 2019 10:56:11 GMT" skipped="0">
  <testcase classname="com.qube.postoffice.api.testcases.SearchByValidPINCode" name="searchWithValidPINCodeTest" time="1.541"/>
  <testcase classname="com.qube.postoffice.api.testcases.SearchByValidPINCode" name="searchWithValidPINCodeTest" time="3.589"/>
</testsuite> <!-- com.qube.postoffice.api.testcases.SearchByValidPINCode -->
