<?xml version="1.0" encoding="UTF-8"?>
<!-- Generated by org.testng.reporters.JUnitReportReporter -->
<testsuite ignored="0" hostname="SDS-SARATH-KJ-MAC.Dlink" failures="0" tests="3" name="com.qube.postoffice.api.testcases.SearchByInValidPINCode" time="4.645" errors="0" timestamp="30 Dec 2019 10:56:11 GMT" skipped="0">
  <testcase classname="com.qube.postoffice.api.testcases.SearchByInValidPINCode" name="searchWithInValidPINCodeTest" time="1.504"/>
  <testcase classname="com.qube.postoffice.api.testcases.SearchByInValidPINCode" name="searchWithInValidPINCodeTest" time="1.604"/>
  <testcase classname="com.qube.postoffice.api.testcases.SearchByInValidPINCode" name="searchWithInValidPINCodeTest" time="1.537"/>
</testsuite> <!-- com.qube.postoffice.api.testcases.SearchByInValidPINCode -->
